# JRE version: OpenJDK Runtime Environment (21.0.7) (build 21.0.7+-13880790-b1038.58)
# Java VM: OpenJDK 64-Bit Server VM (21.0.7+-13880790-b1038.58, mixed mode, tiered, compressed oops, compressed class ptrs, g1 gc, windows-amd64)
GC Precious Log:
 CardTable entry size: 512
 Card Set container configuration: InlinePtr #cards 5 size 8 Array Of Cards #cards 12 size 40 Howl #buckets 4 coarsen threshold 1843 Howl Bitmap #cards 512 size 80 coarsen threshold 460 Card regions per heap region 1 cards per card region 2048
 CPUs: 12 total, 12 available
 Memory: 16068M
 Large Page Support: Disabled
 NUMA Support: Disabled
 Compressed Oops: Enabled (32-bit)
 Heap Region Size: 1M
 Heap Min Capacity: 8M
 Heap Initial Capacity: 252M
 Heap Max Capacity: 2G
 Pre-touch: Disabled
 Parallel Workers: 10
 Concurrent Workers: 3
 Concurrent Refinement Workers: 10
 Periodic GC: Disabled
Heap:
 garbage-first heap   total 269312K, used 212708K [0x0000000080000000, 0x0000000100000000)
  region size 1024K, 51 young (52224K), 4 survivors (4096K)
 Metaspace       used 118663K, committed 120960K, reserved 1179648K
  class space    used 15850K, committed 16960K, reserved 1048576K
GC Heap History (20 events):
Event: 11.980 GC heap before
{Heap before GC invocations=35 (full 0):
 garbage-first heap   total 179200K, used 107496K [0x0000000080000000, 0x0000000100000000)
  region size 1024K, 14 young (14336K), 10 survivors (10240K)
 Metaspace       used 105771K, committed 107840K, reserved 1179648K
  class space    used 14474K, committed 15488K, reserved 1048576K
}
Event: 11.987 GC heap after
{Heap after GC invocations=36 (full 0):
 garbage-first heap   total 179200K, used 106659K [0x0000000080000000, 0x0000000100000000)
  region size 1024K, 2 young (2048K), 2 survivors (2048K)
 Metaspace       used 105771K, committed 107840K, reserved 1179648K
  class space    used 14474K, committed 15488K, reserved 1048576K
}
Event: 12.689 GC heap before
{Heap before GC invocations=37 (full 0):
 garbage-first heap   total 186368K, used 166051K [0x0000000080000000, 0x0000000100000000)
  region size 1024K, 57 young (58368K), 2 survivors (2048K)
 Metaspace       used 109918K, committed 112128K, reserved 1179648K
  class space    used 15038K, committed 16128K, reserved 1048576K
}
Event: 12.693 GC heap after
{Heap after GC invocations=38 (full 0):
 garbage-first heap   total 186368K, used 110514K [0x0000000080000000, 0x0000000100000000)
  region size 1024K, 7 young (7168K), 7 survivors (7168K)
 Metaspace       used 109918K, committed 112128K, reserved 1179648K
  class space    used 15038K, committed 16128K, reserved 1048576K
}
Event: 13.184 GC heap before
{Heap before GC invocations=38 (full 0):
 garbage-first heap   total 186368K, used 167858K [0x0000000080000000, 0x0000000100000000)
  region size 1024K, 63 young (64512K), 7 survivors (7168K)
 Metaspace       used 109999K, committed 112192K, reserved 1179648K
  class space    used 15041K, committed 16128K, reserved 1048576K
}
Event: 13.190 GC heap after
{Heap after GC invocations=39 (full 0):
 garbage-first heap   total 186368K, used 111187K [0x0000000080000000, 0x0000000100000000)
  region size 1024K, 4 young (4096K), 4 survivors (4096K)
 Metaspace       used 109999K, committed 112192K, reserved 1179648K
  class space    used 15041K, committed 16128K, reserved 1048576K
}
Event: 13.858 GC heap before
{Heap before GC invocations=39 (full 0):
 garbage-first heap   total 186368K, used 169555K [0x0000000080000000, 0x0000000100000000)
  region size 1024K, 62 young (63488K), 4 survivors (4096K)
 Metaspace       used 110762K, committed 112960K, reserved 1179648K
  class space    used 15121K, committed 16192K, reserved 1048576K
}
Event: 13.862 GC heap after
{Heap after GC invocations=40 (full 0):
 garbage-first heap   total 186368K, used 113344K [0x0000000080000000, 0x0000000100000000)
  region size 1024K, 6 young (6144K), 6 survivors (6144K)
 Metaspace       used 110762K, committed 112960K, reserved 1179648K
  class space    used 15121K, committed 16192K, reserved 1048576K
}
Event: 14.862 GC heap before
{Heap before GC invocations=41 (full 0):
 garbage-first heap   total 189440K, used 168640K [0x0000000080000000, 0x0000000100000000)
  region size 1024K, 61 young (62464K), 6 survivors (6144K)
 Metaspace       used 112800K, committed 115008K, reserved 1179648K
  class space    used 15310K, committed 16384K, reserved 1048576K
}
Event: 14.868 GC heap after
{Heap after GC invocations=42 (full 0):
 garbage-first heap   total 189440K, used 119324K [0x0000000080000000, 0x0000000100000000)
  region size 1024K, 8 young (8192K), 8 survivors (8192K)
 Metaspace       used 112800K, committed 115008K, reserved 1179648K
  class space    used 15310K, committed 16384K, reserved 1048576K
}
Event: 15.402 GC heap before
{Heap before GC invocations=42 (full 0):
 garbage-first heap   total 189440K, used 177692K [0x0000000080000000, 0x0000000100000000)
  region size 1024K, 57 young (58368K), 8 survivors (8192K)
 Metaspace       used 113182K, committed 115456K, reserved 1179648K
  class space    used 15338K, committed 16448K, reserved 1048576K
}
Event: 15.416 GC heap after
{Heap after GC invocations=43 (full 0):
 garbage-first heap   total 214016K, used 145352K [0x0000000080000000, 0x0000000100000000)
  region size 1024K, 8 young (8192K), 8 survivors (8192K)
 Metaspace       used 113182K, committed 115456K, reserved 1179648K
  class space    used 15338K, committed 16448K, reserved 1048576K
}
Event: 15.643 GC heap before
{Heap before GC invocations=43 (full 0):
 garbage-first heap   total 214016K, used 159688K [0x0000000080000000, 0x0000000100000000)
  region size 1024K, 23 young (23552K), 8 survivors (8192K)
 Metaspace       used 113670K, committed 115968K, reserved 1179648K
  class space    used 15389K, committed 16512K, reserved 1048576K
}
Event: 15.650 GC heap after
{Heap after GC invocations=44 (full 0):
 garbage-first heap   total 214016K, used 149450K [0x0000000080000000, 0x0000000100000000)
  region size 1024K, 3 young (3072K), 3 survivors (3072K)
 Metaspace       used 113670K, committed 115968K, reserved 1179648K
  class space    used 15389K, committed 16512K, reserved 1048576K
}
Event: 16.260 GC heap before
{Heap before GC invocations=45 (full 0):
 garbage-first heap   total 263168K, used 193482K [0x0000000080000000, 0x0000000100000000)
  region size 1024K, 40 young (40960K), 3 survivors (3072K)
 Metaspace       used 113782K, committed 116032K, reserved 1179648K
  class space    used 15394K, committed 16512K, reserved 1048576K
}
Event: 16.267 GC heap after
{Heap after GC invocations=46 (full 0):
 garbage-first heap   total 263168K, used 153787K [0x0000000080000000, 0x0000000100000000)
  region size 1024K, 5 young (5120K), 5 survivors (5120K)
 Metaspace       used 113782K, committed 116032K, reserved 1179648K
  class space    used 15394K, committed 16512K, reserved 1048576K
}
Event: 16.753 GC heap before
{Heap before GC invocations=46 (full 0):
 garbage-first heap   total 263168K, used 252091K [0x0000000080000000, 0x0000000100000000)
  region size 1024K, 77 young (78848K), 5 survivors (5120K)
 Metaspace       used 116193K, committed 118464K, reserved 1179648K
  class space    used 15578K, committed 16704K, reserved 1048576K
}
Event: 16.762 GC heap after
{Heap after GC invocations=47 (full 0):
 garbage-first heap   total 269312K, used 162854K [0x0000000080000000, 0x0000000100000000)
  region size 1024K, 10 young (10240K), 10 survivors (10240K)
 Metaspace       used 116193K, committed 118464K, reserved 1179648K
  class space    used 15578K, committed 16704K, reserved 1048576K
}
Event: 17.074 GC heap before
{Heap before GC invocations=47 (full 0):
 garbage-first heap   total 269312K, used 237606K [0x0000000080000000, 0x0000000100000000)
  region size 1024K, 82 young (83968K), 10 survivors (10240K)
 Metaspace       used 118016K, committed 120256K, reserved 1179648K
  class space    used 15772K, committed 16896K, reserved 1048576K
}
Event: 17.084 GC heap after
{Heap after GC invocations=48 (full 0):
 garbage-first heap   total 269312K, used 166628K [0x0000000080000000, 0x0000000100000000)
  region size 1024K, 4 young (4096K), 4 survivors (4096K)
 Metaspace       used 118016K, committed 120256K, reserved 1179648K
  class space    used 15772K, committed 16896K, reserved 1048576K
}

